<?xml version="1.0" encoding="UTF-8"?>
<!-- Generated by org.testng.reporters.JUnitXMLReporter -->
<testsuite ignored="6" hostname="LTIN297359" failures="0" tests="5" name="ChromeTest" time="64.84" errors="0" timestamp="2024-03-26T12:37:56 IST">
  <testcase classname="TestCase.TestCase001_UpComingBikeDetails" name="clickNewBikes" time="6.026"/>
  <testcase classname="TestCase.TestCase001_UpComingBikeDetails" name="clickUpcomingBikes" time="14.147"/>
  <testcase classname="TestCase.TestCase002_UsedCarsInChennai" name="UsedCarDetails" time="19.678"/>
  <testcase classname="TestCase.TestCase003_ClickonLoginSignUp" name="verifyLoginPage" time="3.562"/>
  <testcase classname="TestCase.TestCase004_SignInGoogleAccounts" name="verifyLoginPage" time="8.434"/>
  <testcase classname="TestBase.BaseClass" name="@BeforeTest invokeBrowser" time="0.0">
    <ignored/>
  </testcase> <!-- @BeforeTest invokeBrowser -->
  <testcase classname="TestBase.BaseClass" name="@AfterTest tearDown" time="0.0">
    <ignored/>
  </testcase> <!-- @AfterTest tearDown -->
  <testcase classname="TestBase.BaseClass" name="@BeforeTest invokeBrowser" time="0.0">
    <ignored/>
  </testcase> <!-- @BeforeTest invokeBrowser -->
  <testcase classname="TestBase.BaseClass" name="@BeforeTest invokeBrowser" time="0.0">
    <ignored/>
  </testcase> <!-- @BeforeTest invokeBrowser -->
  <testcase classname="TestBase.BaseClass" name="@AfterTest tearDown" time="0.0">
    <ignored/>
  </testcase> <!-- @AfterTest tearDown -->
  <testcase classname="TestBase.BaseClass" name="@AfterTest tearDown" time="0.0">
    <ignored/>
  </testcase> <!-- @AfterTest tearDown -->
</testsuite> <!-- ChromeTest -->
